<?xml version="1.0" encoding="UTF-8" ?>
<testsuite tests="43" failures="0" name="ua.edu.ucu.tempseries.TemperatureSeriesAnalysisTest" time="0.017" errors="0" skipped="0">
  <properties>
    <property name="idea.version" value="2020.2.2"/>
    <property name="java.runtime.name" value="Java(TM) SE Runtime Environment"/>
    <property name="sun.boot.library.path" value="/Library/Java/JavaVirtualMachines/jdk1.8.0_271.jdk/Contents/Home/jre/lib"/>
    <property name="java.vm.version" value="25.271-b09"/>
    <property name="gopherProxySet" value="false"/>
    <property name="java.vm.vendor" value="Oracle Corporation"/>
    <property name="maven.multiModuleProjectDirectory" value="/Users/outjack/IdeaProjects/apps20dobrovolskyy-hw1"/>
    <property name="java.vendor.url" value="http://java.oracle.com/"/>
    <property name="path.separator" value=":"/>
    <property name="guice.disable.misplaced.annotation.check" value="true"/>
    <property name="java.vm.name" value="Java HotSpot(TM) 64-Bit Server VM"/>
    <property name="file.encoding.pkg" value="sun.io"/>
    <property name="user.country" value="UA"/>
    <property name="sun.java.launcher" value="SUN_STANDARD"/>
    <property name="sun.os.patch.level" value="unknown"/>
    <property name="java.vm.specification.name" value="Java Virtual Machine Specification"/>
    <property name="user.dir" value="/Users/outjack/IdeaProjects/apps20dobrovolskyy-hw1"/>
    <property name="java.runtime.version" value="1.8.0_271-b09"/>
    <property name="java.awt.graphicsenv" value="sun.awt.CGraphicsEnvironment"/>
    <property name="java.endorsed.dirs" value="/Library/Java/JavaVirtualMachines/jdk1.8.0_271.jdk/Contents/Home/jre/lib/endorsed"/>
    <property name="os.arch" value="x86_64"/>
    <property name="java.io.tmpdir" value="/var/folders/m0/68clfgcd08lfnnrn_2sp44d40000gn/T/"/>
    <property name="line.separator" value="
"/>
    <property name="java.vm.specification.vendor" value="Oracle Corporation"/>
    <property name="os.name" value="Mac OS X"/>
    <property name="maven.ext.class.path" value="/Applications/IntelliJ IDEA Edu.app/Contents/plugins/maven/lib/maven-event-listener.jar"/>
    <property name="classworlds.conf" value="/Applications/IntelliJ IDEA Edu.app/Contents/plugins/maven/lib/maven3/bin/m2.conf"/>
    <property name="sun.jnu.encoding" value="UTF-8"/>
    <property name="java.library.path" value="/Users/outjack/Library/Java/Extensions:/Library/Java/Extensions:/Network/Library/Java/Extensions:/System/Library/Java/Extensions:/usr/lib/java:."/>
    <property name="maven.conf" value="/Applications/IntelliJ IDEA Edu.app/Contents/plugins/maven/lib/maven3/conf"/>
    <property name="java.specification.name" value="Java Platform API Specification"/>
    <property name="java.class.version" value="52.0"/>
    <property name="sun.management.compiler" value="HotSpot 64-Bit Tiered Compilers"/>
    <property name="os.version" value="10.15.7"/>
    <property name="http.nonProxyHosts" value="local|*.local|169.254/16|*.169.254/16"/>
    <property name="user.home" value="/Users/outjack"/>
    <property name="user.timezone" value="Europe/Kiev"/>
    <property name="java.awt.printerjob" value="sun.lwawt.macosx.CPrinterJob"/>
    <property name="java.specification.version" value="1.8"/>
    <property name="file.encoding" value="UTF-8"/>
    <property name="user.name" value="outjack"/>
    <property name="java.class.path" value="/Applications/IntelliJ IDEA Edu.app/Contents/plugins/maven/lib/maven3/boot/plexus-classworlds.license:/Applications/IntelliJ IDEA Edu.app/Contents/plugins/maven/lib/maven3/boot/plexus-classworlds-2.6.0.jar:/Applications/IntelliJ IDEA Edu.app/Contents/lib/idea_rt.jar"/>
    <property name="java.vm.specification.version" value="1.8"/>
    <property name="sun.arch.data.model" value="64"/>
    <property name="java.home" value="/Library/Java/JavaVirtualMachines/jdk1.8.0_271.jdk/Contents/Home/jre"/>
    <property name="sun.java.command" value="org.codehaus.classworlds.Launcher -Didea.version=2020.2.2 test"/>
    <property name="java.specification.vendor" value="Oracle Corporation"/>
    <property name="user.language" value="en"/>
    <property name="awt.toolkit" value="sun.lwawt.macosx.LWCToolkit"/>
    <property name="java.vm.info" value="mixed mode"/>
    <property name="java.version" value="1.8.0_271"/>
    <property name="java.ext.dirs" value="/Users/outjack/Library/Java/Extensions:/Library/Java/JavaVirtualMachines/jdk1.8.0_271.jdk/Contents/Home/jre/lib/ext:/Library/Java/Extensions:/Network/Library/Java/Extensions:/System/Library/Java/Extensions:/usr/lib/java"/>
    <property name="sun.boot.class.path" value="/Library/Java/JavaVirtualMachines/jdk1.8.0_271.jdk/Contents/Home/jre/lib/resources.jar:/Library/Java/JavaVirtualMachines/jdk1.8.0_271.jdk/Contents/Home/jre/lib/rt.jar:/Library/Java/JavaVirtualMachines/jdk1.8.0_271.jdk/Contents/Home/jre/lib/sunrsasign.jar:/Library/Java/JavaVirtualMachines/jdk1.8.0_271.jdk/Contents/Home/jre/lib/jsse.jar:/Library/Java/JavaVirtualMachines/jdk1.8.0_271.jdk/Contents/Home/jre/lib/jce.jar:/Library/Java/JavaVirtualMachines/jdk1.8.0_271.jdk/Contents/Home/jre/lib/charsets.jar:/Library/Java/JavaVirtualMachines/jdk1.8.0_271.jdk/Contents/Home/jre/lib/jfr.jar:/Library/Java/JavaVirtualMachines/jdk1.8.0_271.jdk/Contents/Home/jre/classes"/>
    <property name="java.vendor" value="Oracle Corporation"/>
    <property name="maven.home" value="/Applications/IntelliJ IDEA Edu.app/Contents/plugins/maven/lib/maven3"/>
    <property name="file.separator" value="/"/>
    <property name="java.vendor.url.bug" value="http://bugreport.sun.com/bugreport/"/>
    <property name="sun.cpu.endian" value="little"/>
    <property name="sun.io.unicode.encoding" value="UnicodeBig"/>
    <property name="socksNonProxyHosts" value="local|*.local|169.254/16|*.169.254/16"/>
    <property name="ftp.nonProxyHosts" value="local|*.local|169.254/16|*.169.254/16"/>
    <property name="sun.cpu.isalist" value=""/>
  </properties>
  <testcase classname="ua.edu.ucu.tempseries.TemperatureSeriesAnalysisTest" name="testAverageWithOneElementArray" time="0.007"/>
  <testcase classname="ua.edu.ucu.tempseries.TemperatureSeriesAnalysisTest" name="testFindClosestToValueWithEmptyArray" time="0"/>
  <testcase classname="ua.edu.ucu.tempseries.TemperatureSeriesAnalysisTest" name="testAddTempsWithEmptyArray" time="0"/>
  <testcase classname="ua.edu.ucu.tempseries.TemperatureSeriesAnalysisTest" name="testFindTempsLessThenWithOneElementArray" time="0.005"/>
  <testcase classname="ua.edu.ucu.tempseries.TemperatureSeriesAnalysisTest" name="testAddTempsWithOneElementArray" time="0"/>
  <testcase classname="ua.edu.ucu.tempseries.TemperatureSeriesAnalysisTest" name="testSummaryStatisticsWithOneElementArray" time="0"/>
  <testcase classname="ua.edu.ucu.tempseries.TemperatureSeriesAnalysisTest" name="testFindTempsLessThen" time="0"/>
  <testcase classname="ua.edu.ucu.tempseries.TemperatureSeriesAnalysisTest" name="testFindClosestToZero" time="0"/>
  <testcase classname="ua.edu.ucu.tempseries.TemperatureSeriesAnalysisTest" name="testMax" time="0"/>
  <testcase classname="ua.edu.ucu.tempseries.TemperatureSeriesAnalysisTest" name="testMin" time="0"/>
  <testcase classname="ua.edu.ucu.tempseries.TemperatureSeriesAnalysisTest" name="testMinWithEmptyArray" time="0"/>
  <testcase classname="ua.edu.ucu.tempseries.TemperatureSeriesAnalysisTest" name="testAddTempsWithEmptyArrayByCallingWithoutArg" time="0"/>
  <testcase classname="ua.edu.ucu.tempseries.TemperatureSeriesAnalysisTest" name="testSummaryStatisticsMinOutsideWithEmptyArray" time="0"/>
  <testcase classname="ua.edu.ucu.tempseries.TemperatureSeriesAnalysisTest" name="testAverage" time="0"/>
  <testcase classname="ua.edu.ucu.tempseries.TemperatureSeriesAnalysisTest" name="testFindClosestToZeroWithEmptyArray" time="0"/>
  <testcase classname="ua.edu.ucu.tempseries.TemperatureSeriesAnalysisTest" name="testAverageWithEmptyArray" time="0"/>
  <testcase classname="ua.edu.ucu.tempseries.TemperatureSeriesAnalysisTest" name="testAverageWithEmptyArrayByCallingWithoutArg" time="0"/>
  <testcase classname="ua.edu.ucu.tempseries.TemperatureSeriesAnalysisTest" name="testFindClosestToValueMinOutside" time="0"/>
  <testcase classname="ua.edu.ucu.tempseries.TemperatureSeriesAnalysisTest" name="testSummaryStatistics" time="0"/>
  <testcase classname="ua.edu.ucu.tempseries.TemperatureSeriesAnalysisTest" name="testAddTemps" time="0"/>
  <testcase classname="ua.edu.ucu.tempseries.TemperatureSeriesAnalysisTest" name="testFindClosestToValueWithOneElementArray" time="0"/>
  <testcase classname="ua.edu.ucu.tempseries.TemperatureSeriesAnalysisTest" name="testFindClosestToValueMinOutsideWithEmptyArray" time="0"/>
  <testcase classname="ua.edu.ucu.tempseries.TemperatureSeriesAnalysisTest" name="testFindClosestToZeroWithOneElementArray" time="0"/>
  <testcase classname="ua.edu.ucu.tempseries.TemperatureSeriesAnalysisTest" name="testFindClosestToValueWithTwoEqualDistances" time="0"/>
  <testcase classname="ua.edu.ucu.tempseries.TemperatureSeriesAnalysisTest" name="testAddEmptyTempsWithEmptyArray" time="0"/>
  <testcase classname="ua.edu.ucu.tempseries.TemperatureSeriesAnalysisTest" name="testAddEmptyTempsWithOneElementArray" time="0.001"/>
  <testcase classname="ua.edu.ucu.tempseries.TemperatureSeriesAnalysisTest" name="testFindTempsGreaterThenWithOneElementArray" time="0"/>
  <testcase classname="ua.edu.ucu.tempseries.TemperatureSeriesAnalysisTest" name="testFindTempsGreaterThenWithEmptyArray" time="0"/>
  <testcase classname="ua.edu.ucu.tempseries.TemperatureSeriesAnalysisTest" name="testMaxWithOneElementArray" time="0"/>
  <testcase classname="ua.edu.ucu.tempseries.TemperatureSeriesAnalysisTest" name="testSummaryStatisticsWithEmptyArray" time="0"/>
  <testcase classname="ua.edu.ucu.tempseries.TemperatureSeriesAnalysisTest" name="testDeviationWithEmptyArray" time="0"/>
  <testcase classname="ua.edu.ucu.tempseries.TemperatureSeriesAnalysisTest" name="testFindClosestToValue" time="0"/>
  <testcase classname="ua.edu.ucu.tempseries.TemperatureSeriesAnalysisTest" name="testAddTempsMinOutside" time="0"/>
  <testcase classname="ua.edu.ucu.tempseries.TemperatureSeriesAnalysisTest" name="testDeviation" time="0"/>
  <testcase classname="ua.edu.ucu.tempseries.TemperatureSeriesAnalysisTest" name="testFindClosestToValueWithToEqualDistances" time="0"/>
  <testcase classname="ua.edu.ucu.tempseries.TemperatureSeriesAnalysisTest" name="testFindTempsLessThenWithEmptyArray" time="0"/>
  <testcase classname="ua.edu.ucu.tempseries.TemperatureSeriesAnalysisTest" name="testMaxWithEmptyArray" time="0"/>
  <testcase classname="ua.edu.ucu.tempseries.TemperatureSeriesAnalysisTest" name="testFindTempsGreaterThen" time="0"/>
  <testcase classname="ua.edu.ucu.tempseries.TemperatureSeriesAnalysisTest" name="testTemperatureOutside" time="0"/>
  <testcase classname="ua.edu.ucu.tempseries.TemperatureSeriesAnalysisTest" name="testFindTempsGreaterThenSecondTest" time="0.004"/>
  <testcase classname="ua.edu.ucu.tempseries.TemperatureSeriesAnalysisTest" name="testDeviationWithOneElementArray" time="0"/>
  <testcase classname="ua.edu.ucu.tempseries.TemperatureSeriesAnalysisTest" name="testFindClosestToValueMinOutsideWithOneElementArray" time="0"/>
  <testcase classname="ua.edu.ucu.tempseries.TemperatureSeriesAnalysisTest" name="testMinWithOneElementArray" time="0"/>
</testsuite>tsuite>